<?xml version="1.0" encoding="UTF-8"?>
<!-- Generated by org.testng.reporters.JUnitXMLReporter -->
<testsuite ignored="0" hostname="WINDOWS11" failures="0" tests="4" name="Default test" time="0.048" errors="0" timestamp="2023-08-07T09:24:15 IST">
  <testcase classname="TestNG.PrioritizingTest" name="test4" time="0.012"/>
  <testcase classname="TestNG.PrioritizingTest" name="test3" time="0.0"/>
  <testcase classname="TestNG.PrioritizingTest" name="test1" time="0.001"/>
  <testcase classname="TestNG.PrioritizingTest" name="test2" time="0.0"/>
</testsuite> <!-- Default test -->
