<?xml version="1.0" encoding="UTF-8"?>
<testng-results ignored="0" total="4" passed="4" failed="0" skipped="0">
  <reporter-output>
    <line>
      <![CDATA[test4]]>
    </line>
    <line>
      <![CDATA[test3]]>
    </line>
    <line>
      <![CDATA[test1]]>
    </line>
    <line>
      <![CDATA[test2]]>
    </line>
  </reporter-output>
  <suite started-at="2023-08-07T09:24:15 IST" name="Default suite" finished-at="2023-08-07T09:24:15 IST" duration-ms="48">
    <groups>
    </groups>
    <test started-at="2023-08-07T09:24:15 IST" name="Default test" finished-at="2023-08-07T09:24:15 IST" duration-ms="48">
      <class name="TestNG.PrioritizingTest">
        <test-method signature="test4()[pri:-2, instance:TestNG.PrioritizingTest@56cdfb3b]" started-at="2023-08-07T09:24:15 IST" name="test4" finished-at="2023-08-07T09:24:15 IST" duration-ms="12" status="PASS">
          <reporter-output>
            <line>
              <![CDATA[test4]]>
            </line>
          </reporter-output>
        </test-method> <!-- test4 -->
        <test-method signature="test3()[pri:-1, instance:TestNG.PrioritizingTest@56cdfb3b]" started-at="2023-08-07T09:24:15 IST" name="test3" finished-at="2023-08-07T09:24:15 IST" duration-ms="0" status="PASS">
          <reporter-output>
            <line>
              <![CDATA[test3]]>
            </line>
          </reporter-output>
        </test-method> <!-- test3 -->
        <test-method signature="test1()[pri:0, instance:TestNG.PrioritizingTest@56cdfb3b]" started-at="2023-08-07T09:24:15 IST" name="test1" finished-at="2023-08-07T09:24:15 IST" duration-ms="1" status="PASS">
          <reporter-output>
            <line>
              <![CDATA[test1]]>
            </line>
          </reporter-output>
        </test-method> <!-- test1 -->
        <test-method signature="test2()[pri:0, instance:TestNG.PrioritizingTest@56cdfb3b]" started-at="2023-08-07T09:24:15 IST" name="test2" finished-at="2023-08-07T09:24:15 IST" duration-ms="0" status="PASS">
          <reporter-output>
            <line>
              <![CDATA[test2]]>
            </line>
          </reporter-output>
        </test-method> <!-- test2 -->
      </class> <!-- TestNG.PrioritizingTest -->
    </test> <!-- Default test -->
  </suite> <!-- Default suite -->
</testng-results>
